2022-10-13 19:07:27.745  INFO 45268 --- [restartedMain] c.c.m.MySpringsecurityPlusApplication    : Starting MySpringsecurityPlusApplication on LAPTOP-29H26M8S with PID 45268 (F:\Aproject\da\da-admin\target\classes started by lenovo in F:\Aproject\da\da-admin)
2022-10-13 19:07:27.749  INFO 45268 --- [restartedMain] c.c.m.MySpringsecurityPlusApplication    : The following profiles are active: dev
2022-10-13 19:07:27.781  INFO 45268 --- [restartedMain] .e.DevToolsPropertyDefaultsPostProcessor : Devtools property defaults active! Set 'spring.devtools.add-properties' to 'false' to disable
2022-10-13 19:07:27.781  INFO 45268 --- [restartedMain] .e.DevToolsPropertyDefaultsPostProcessor : For additional web related logging consider setting the 'logging.level.web' property to 'DEBUG'
2022-10-13 19:07:28.641  INFO 45268 --- [restartedMain] .s.d.r.c.RepositoryConfigurationDelegate : Multiple Spring Data modules found, entering strict repository configuration mode!
2022-10-13 19:07:28.643  INFO 45268 --- [restartedMain] .s.d.r.c.RepositoryConfigurationDelegate : Bootstrapping Spring Data Redis repositories in DEFAULT mode.
2022-10-13 19:07:28.671  INFO 45268 --- [restartedMain] .s.d.r.c.RepositoryConfigurationDelegate : Finished Spring Data repository scanning in 19ms. Found 0 Redis repository interfaces.
2022-10-13 19:07:28.999  INFO 45268 --- [restartedMain] trationDelegate$BeanPostProcessorChecker : Bean 'org.springframework.security.access.expression.method.DefaultMethodSecurityExpressionHandler@75a8fb07' of type [org.springframework.security.access.expression.method.DefaultMethodSecurityExpressionHandler] is not eligible for getting processed by all BeanPostProcessors (for example: not eligible for auto-proxying)
2022-10-13 19:07:29.006  INFO 45268 --- [restartedMain] trationDelegate$BeanPostProcessorChecker : Bean 'methodSecurityMetadataSource' of type [org.springframework.security.access.method.DelegatingMethodSecurityMetadataSource] is not eligible for getting processed by all BeanPostProcessors (for example: not eligible for auto-proxying)
2022-10-13 19:07:29.271  INFO 45268 --- [restartedMain] o.s.b.w.embedded.tomcat.TomcatWebServer  : Tomcat initialized with port(s): 8088 (http)
2022-10-13 19:07:29.277  INFO 45268 --- [restartedMain] o.apache.catalina.core.StandardService   : Starting service [Tomcat]
2022-10-13 19:07:29.277  INFO 45268 --- [restartedMain] org.apache.catalina.core.StandardEngine  : Starting Servlet engine: [Apache Tomcat/9.0.36]
2022-10-13 19:07:29.362  INFO 45268 --- [restartedMain] o.a.c.c.C.[Tomcat].[localhost].[/]       : Initializing Spring embedded WebApplicationContext
2022-10-13 19:07:29.363  INFO 45268 --- [restartedMain] w.s.c.ServletWebServerApplicationContext : Root WebApplicationContext: initialization completed in 1576 ms
2022-10-13 19:07:29.449  INFO 45268 --- [restartedMain] c.a.d.s.b.a.DruidDataSourceAutoConfigure : Init DruidDataSource
2022-10-13 19:07:29.760  INFO 45268 --- [restartedMain] com.alibaba.druid.pool.DruidDataSource   : {dataSource-1} inited
2022-10-13 19:07:30.524  INFO 45268 --- [restartedMain] pertySourcedRequestMappingHandlerMapping : Mapped URL path [/v2/api-docs] onto method [springfox.documentation.swagger2.web.Swagger2Controller#getDocumentation(String, HttpServletRequest)]
2022-10-13 19:07:30.597  INFO 45268 --- [restartedMain] o.s.s.web.DefaultSecurityFilterChain     : Creating filter chain: Ant [pattern='/swagger-resources/**', GET], []
2022-10-13 19:07:30.597  INFO 45268 --- [restartedMain] o.s.s.web.DefaultSecurityFilterChain     : Creating filter chain: Ant [pattern='/PearAdmin/**', GET], []
2022-10-13 19:07:30.597  INFO 45268 --- [restartedMain] o.s.s.web.DefaultSecurityFilterChain     : Creating filter chain: Ant [pattern='/component/**', GET], []
2022-10-13 19:07:30.597  INFO 45268 --- [restartedMain] o.s.s.web.DefaultSecurityFilterChain     : Creating filter chain: Ant [pattern='/admin/**', GET], []
2022-10-13 19:07:30.597  INFO 45268 --- [restartedMain] o.s.s.web.DefaultSecurityFilterChain     : Creating filter chain: Ant [pattern='/**/*.html', GET], []
2022-10-13 19:07:30.597  INFO 45268 --- [restartedMain] o.s.s.web.DefaultSecurityFilterChain     : Creating filter chain: Ant [pattern='/**/*.css', GET], []
2022-10-13 19:07:30.597  INFO 45268 --- [restartedMain] o.s.s.web.DefaultSecurityFilterChain     : Creating filter chain: Ant [pattern='/**/*.js', GET], []
2022-10-13 19:07:30.598  INFO 45268 --- [restartedMain] o.s.s.web.DefaultSecurityFilterChain     : Creating filter chain: Ant [pattern='/swagger-ui.html', GET], []
2022-10-13 19:07:30.598  INFO 45268 --- [restartedMain] o.s.s.web.DefaultSecurityFilterChain     : Creating filter chain: Ant [pattern='/webjars/**', GET], []
2022-10-13 19:07:30.598  INFO 45268 --- [restartedMain] o.s.s.web.DefaultSecurityFilterChain     : Creating filter chain: Ant [pattern='/v2/**', GET], []
2022-10-13 19:07:30.598  INFO 45268 --- [restartedMain] o.s.s.web.DefaultSecurityFilterChain     : Creating filter chain: Ant [pattern='/druid/**', GET], []
2022-10-13 19:07:30.598  INFO 45268 --- [restartedMain] o.s.s.web.DefaultSecurityFilterChain     : Creating filter chain: Ant [pattern='/assets/**', GET], []
2022-10-13 19:07:30.598  INFO 45268 --- [restartedMain] o.s.s.web.DefaultSecurityFilterChain     : Creating filter chain: Ant [pattern='/edit/**', GET], []
2022-10-13 19:07:30.634  INFO 45268 --- [restartedMain] o.s.s.web.DefaultSecurityFilterChain     : Creating filter chain: any request, [org.springframework.security.web.context.request.async.WebAsyncManagerIntegrationFilter@355e301a, org.springframework.security.web.context.SecurityContextPersistenceFilter@40afa8b0, org.springframework.security.web.header.HeaderWriterFilter@55a98b6d, org.springframework.security.web.authentication.logout.LogoutFilter@2867c785, com.codermy.myspringsecurityplus.security.filter.VerifyCodeFilter@687ad21, org.springframework.security.web.authentication.UsernamePasswordAuthenticationFilter@484d12ee, org.springframework.security.web.authentication.www.BasicAuthenticationFilter@c8c9fb6, org.springframework.security.web.savedrequest.RequestCacheAwareFilter@6578610c, org.springframework.security.web.servletapi.SecurityContextHolderAwareRequestFilter@6eeab60b, org.springframework.security.web.authentication.rememberme.RememberMeAuthenticationFilter@9785e47, org.springframework.security.web.authentication.AnonymousAuthenticationFilter@6bf8ce56, org.springframework.security.web.session.SessionManagementFilter@2f54d8ab, org.springframework.security.web.access.ExceptionTranslationFilter@5f927c24, org.springframework.security.web.access.intercept.FilterSecurityInterceptor@69f1412a]
2022-10-13 19:07:30.721  INFO 45268 --- [restartedMain] o.s.s.concurrent.ThreadPoolTaskExecutor  : Initializing ExecutorService 'applicationTaskExecutor'
2022-10-13 19:07:30.771  INFO 45268 --- [restartedMain] o.s.b.d.a.OptionalLiveReloadServer       : LiveReload server is running on port 35729
2022-10-13 19:07:30.798  INFO 45268 --- [restartedMain] o.s.b.a.w.s.WelcomePageHandlerMapping    : Adding welcome page template: index
2022-10-13 19:07:31.318  INFO 45268 --- [restartedMain] o.s.b.w.embedded.tomcat.TomcatWebServer  : Tomcat started on port(s): 8088 (http) with context path ''
2022-10-13 19:07:31.319  INFO 45268 --- [restartedMain] d.s.w.p.DocumentationPluginsBootstrapper : Context refreshed
2022-10-13 19:07:31.329  INFO 45268 --- [restartedMain] d.s.w.p.DocumentationPluginsBootstrapper : Found 1 custom documentation plugin(s)
2022-10-13 19:07:31.364  INFO 45268 --- [restartedMain] s.d.s.w.s.ApiListingReferenceScanner     : Scanning for api listing references
2022-10-13 19:07:31.478  INFO 45268 --- [restartedMain] .d.s.w.r.o.CachingOperationNameGenerator : Generating unique operation named: TestUsingGET_1
2022-10-13 19:07:31.479  INFO 45268 --- [restartedMain] .d.s.w.r.o.CachingOperationNameGenerator : Generating unique operation named: addJobUsingGET_1
2022-10-13 19:07:31.489  INFO 45268 --- [restartedMain] .d.s.w.r.o.CachingOperationNameGenerator : Generating unique operation named: verifyUsingGET_1
2022-10-13 19:07:31.491  INFO 45268 --- [restartedMain] .d.s.w.r.o.CachingOperationNameGenerator : Generating unique operation named: addJobUsingGET_2
2022-10-13 19:07:31.505  INFO 45268 --- [restartedMain] .d.s.w.r.o.CachingOperationNameGenerator : Generating unique operation named: TestUsingGET_2
2022-10-13 19:07:31.506  INFO 45268 --- [restartedMain] .d.s.w.r.o.CachingOperationNameGenerator : Generating unique operation named: addJobUsingGET_3
2022-10-13 19:07:31.515  INFO 45268 --- [restartedMain] .d.s.w.r.o.CachingOperationNameGenerator : Generating unique operation named: verifyUsingGET_2
2022-10-13 19:07:31.517  INFO 45268 --- [restartedMain] .d.s.w.r.o.CachingOperationNameGenerator : Generating unique operation named: addJobUsingGET_4
2022-10-13 19:07:31.518  INFO 45268 --- [restartedMain] .d.s.w.r.o.CachingOperationNameGenerator : Generating unique operation named: changeWeightUsingPUT_1
2022-10-13 19:07:31.519  INFO 45268 --- [restartedMain] .d.s.w.r.o.CachingOperationNameGenerator : Generating unique operation named: contentUsingGET_1
2022-10-13 19:07:31.522  INFO 45268 --- [restartedMain] .d.s.w.r.o.CachingOperationNameGenerator : Generating unique operation named: verifyUsingGET_3
2022-10-13 19:07:31.532  INFO 45268 --- [restartedMain] .d.s.w.r.o.CachingOperationNameGenerator : Generating unique operation named: addJobUsingGET_5
2022-10-13 19:07:31.567  INFO 45268 --- [restartedMain] .d.s.w.r.o.CachingOperationNameGenerator : Generating unique operation named: deleteDictUsingDELETE_1
2022-10-13 19:07:31.579  INFO 45268 --- [restartedMain] .d.s.w.r.o.CachingOperationNameGenerator : Generating unique operation named: indexUsingGET_1
2022-10-13 19:07:31.582  INFO 45268 --- [restartedMain] .d.s.w.r.o.CachingOperationNameGenerator : Generating unique operation named: addJobUsingGET_6
2022-10-13 19:07:31.586  INFO 45268 --- [restartedMain] .d.s.w.r.o.CachingOperationNameGenerator : Generating unique operation named: changeStatusUsingPUT_1
2022-10-13 19:07:31.588  INFO 45268 --- [restartedMain] .d.s.w.r.o.CachingOperationNameGenerator : Generating unique operation named: deleteRoleUsingDELETE_1
2022-10-13 19:07:31.594  INFO 45268 --- [restartedMain] .d.s.w.r.o.CachingOperationNameGenerator : Generating unique operation named: indexUsingGET_2
2022-10-13 19:07:31.612  INFO 45268 --- [restartedMain] .d.s.w.r.o.CachingOperationNameGenerator : Generating unique operation named: editPermissionUsingGET_1
2022-10-13 19:07:31.614  INFO 45268 --- [restartedMain] .d.s.w.r.o.CachingOperationNameGenerator : Generating unique operation named: indexUsingGET_3
2022-10-13 19:07:31.618  INFO 45268 --- [restartedMain] .d.s.w.r.o.CachingOperationNameGenerator : Generating unique operation named: savePermissionUsingPOST_1
2022-10-13 19:07:31.619  INFO 45268 --- [restartedMain] .d.s.w.r.o.CachingOperationNameGenerator : Generating unique operation named: updateMenuUsingPUT_1
2022-10-13 19:07:31.633  INFO 45268 --- [restartedMain] .d.s.w.r.o.CachingOperationNameGenerator : Generating unique operation named: deleteRoleUsingDELETE_2
2022-10-13 19:07:31.634  INFO 45268 --- [restartedMain] .d.s.w.r.o.CachingOperationNameGenerator : Generating unique operation named: editRoleUsingGET_1
2022-10-13 19:07:31.643  INFO 45268 --- [restartedMain] .d.s.w.r.o.CachingOperationNameGenerator : Generating unique operation named: errorUsingGET_1
2022-10-13 19:07:31.643  INFO 45268 --- [restartedMain] .d.s.w.r.o.CachingOperationNameGenerator : Generating unique operation named: getArticleAllUsingGET_1
2022-10-13 19:07:31.645  INFO 45268 --- [restartedMain] .d.s.w.r.o.CachingOperationNameGenerator : Generating unique operation named: addUserUsingGET_1
2022-10-13 19:07:31.645  INFO 45268 --- [restartedMain] .d.s.w.r.o.CachingOperationNameGenerator : Generating unique operation named: changeStatusUsingPUT_2
2022-10-13 19:07:31.650  INFO 45268 --- [restartedMain] .d.s.w.r.o.CachingOperationNameGenerator : Generating unique operation named: saveUserUsingPOST_1
2022-10-13 19:07:31.668  INFO 45268 --- [restartedMain] c.c.m.MySpringsecurityPlusApplication    : Started MySpringsecurityPlusApplication in 4.175 seconds (JVM running for 5.11)
2022-10-13 19:09:09.205  INFO 45268 --- [http-nio-8088-exec-1] o.a.c.c.C.[Tomcat].[localhost].[/]       : Initializing Spring DispatcherServlet 'dispatcherServlet'
2022-10-13 19:09:09.205  INFO 45268 --- [http-nio-8088-exec-1] o.s.web.servlet.DispatcherServlet        : Initializing Servlet 'dispatcherServlet'
2022-10-13 19:09:09.211  INFO 45268 --- [http-nio-8088-exec-1] o.s.web.servlet.DispatcherServlet        : Completed initialization in 6 ms
2022-10-13 19:29:10.559  INFO 45268 --- [SpringContextShutdownHook] o.s.s.concurrent.ThreadPoolTaskExecutor  : Shutting down ExecutorService 'applicationTaskExecutor'
2022-10-13 19:29:10.563  INFO 45268 --- [SpringContextShutdownHook] com.alibaba.druid.pool.DruidDataSource   : {dataSource-1} closing ...
2022-10-13 19:29:10.569  INFO 45268 --- [SpringContextShutdownHook] com.alibaba.druid.pool.DruidDataSource   : {dataSource-1} closed
