2023-11-07 17:29:59.030  INFO 15880 --- [restartedMain] c.c.m.MySpringsecurityPlusApplication    : Starting MySpringsecurityPlusApplication on LAPTOP-29H26M8S with PID 15880 (F:\Aproject\da\da-admin\target\classes started by lenovo in F:\Aproject\da\da-admin)
2023-11-07 17:29:59.037  INFO 15880 --- [restartedMain] c.c.m.MySpringsecurityPlusApplication    : The following profiles are active: dev
2023-11-07 17:29:59.085  INFO 15880 --- [restartedMain] .e.DevToolsPropertyDefaultsPostProcessor : Devtools property defaults active! Set 'spring.devtools.add-properties' to 'false' to disable
2023-11-07 17:29:59.085  INFO 15880 --- [restartedMain] .e.DevToolsPropertyDefaultsPostProcessor : For additional web related logging consider setting the 'logging.level.web' property to 'DEBUG'
2023-11-07 17:30:00.092  INFO 15880 --- [restartedMain] .s.d.r.c.RepositoryConfigurationDelegate : Multiple Spring Data modules found, entering strict repository configuration mode!
2023-11-07 17:30:00.093  INFO 15880 --- [restartedMain] .s.d.r.c.RepositoryConfigurationDelegate : Bootstrapping Spring Data Redis repositories in DEFAULT mode.
2023-11-07 17:30:00.118  INFO 15880 --- [restartedMain] .s.d.r.c.RepositoryConfigurationDelegate : Finished Spring Data repository scanning in 16ms. Found 0 Redis repository interfaces.
2023-11-07 17:30:00.444  INFO 15880 --- [restartedMain] trationDelegate$BeanPostProcessorChecker : Bean 'org.springframework.security.access.expression.method.DefaultMethodSecurityExpressionHandler@1e6a308f' of type [org.springframework.security.access.expression.method.DefaultMethodSecurityExpressionHandler] is not eligible for getting processed by all BeanPostProcessors (for example: not eligible for auto-proxying)
2023-11-07 17:30:00.450  INFO 15880 --- [restartedMain] trationDelegate$BeanPostProcessorChecker : Bean 'methodSecurityMetadataSource' of type [org.springframework.security.access.method.DelegatingMethodSecurityMetadataSource] is not eligible for getting processed by all BeanPostProcessors (for example: not eligible for auto-proxying)
2023-11-07 17:30:00.728  INFO 15880 --- [restartedMain] o.s.b.w.embedded.tomcat.TomcatWebServer  : Tomcat initialized with port(s): 8088 (http)
2023-11-07 17:30:00.735  INFO 15880 --- [restartedMain] o.apache.catalina.core.StandardService   : Starting service [Tomcat]
2023-11-07 17:30:00.735  INFO 15880 --- [restartedMain] org.apache.catalina.core.StandardEngine  : Starting Servlet engine: [Apache Tomcat/9.0.36]
2023-11-07 17:30:00.829  INFO 15880 --- [restartedMain] o.a.c.c.C.[Tomcat].[localhost].[/]       : Initializing Spring embedded WebApplicationContext
2023-11-07 17:30:00.829  INFO 15880 --- [restartedMain] w.s.c.ServletWebServerApplicationContext : Root WebApplicationContext: initialization completed in 1744 ms
2023-11-07 17:30:00.925  INFO 15880 --- [restartedMain] c.a.d.s.b.a.DruidDataSourceAutoConfigure : Init DruidDataSource
2023-11-07 17:30:01.183  INFO 15880 --- [restartedMain] com.alibaba.druid.pool.DruidDataSource   : {dataSource-1} inited
2023-11-07 17:30:01.967  INFO 15880 --- [restartedMain] pertySourcedRequestMappingHandlerMapping : Mapped URL path [/v2/api-docs] onto method [springfox.documentation.swagger2.web.Swagger2Controller#getDocumentation(String, HttpServletRequest)]
2023-11-07 17:30:02.044  INFO 15880 --- [restartedMain] o.s.s.web.DefaultSecurityFilterChain     : Creating filter chain: Ant [pattern='/swagger-resources/**', GET], []
2023-11-07 17:30:02.044  INFO 15880 --- [restartedMain] o.s.s.web.DefaultSecurityFilterChain     : Creating filter chain: Ant [pattern='/PearAdmin/**', GET], []
2023-11-07 17:30:02.044  INFO 15880 --- [restartedMain] o.s.s.web.DefaultSecurityFilterChain     : Creating filter chain: Ant [pattern='/component/**', GET], []
2023-11-07 17:30:02.044  INFO 15880 --- [restartedMain] o.s.s.web.DefaultSecurityFilterChain     : Creating filter chain: Ant [pattern='/admin/**', GET], []
2023-11-07 17:30:02.044  INFO 15880 --- [restartedMain] o.s.s.web.DefaultSecurityFilterChain     : Creating filter chain: Ant [pattern='/**/*.html', GET], []
2023-11-07 17:30:02.044  INFO 15880 --- [restartedMain] o.s.s.web.DefaultSecurityFilterChain     : Creating filter chain: Ant [pattern='/**/*.css', GET], []
2023-11-07 17:30:02.045  INFO 15880 --- [restartedMain] o.s.s.web.DefaultSecurityFilterChain     : Creating filter chain: Ant [pattern='/**/*.js', GET], []
2023-11-07 17:30:02.045  INFO 15880 --- [restartedMain] o.s.s.web.DefaultSecurityFilterChain     : Creating filter chain: Ant [pattern='/swagger-ui.html', GET], []
2023-11-07 17:30:02.045  INFO 15880 --- [restartedMain] o.s.s.web.DefaultSecurityFilterChain     : Creating filter chain: Ant [pattern='/webjars/**', GET], []
2023-11-07 17:30:02.045  INFO 15880 --- [restartedMain] o.s.s.web.DefaultSecurityFilterChain     : Creating filter chain: Ant [pattern='/v2/**', GET], []
2023-11-07 17:30:02.045  INFO 15880 --- [restartedMain] o.s.s.web.DefaultSecurityFilterChain     : Creating filter chain: Ant [pattern='/druid/**', GET], []
2023-11-07 17:30:02.045  INFO 15880 --- [restartedMain] o.s.s.web.DefaultSecurityFilterChain     : Creating filter chain: Ant [pattern='/assets/**', GET], []
2023-11-07 17:30:02.045  INFO 15880 --- [restartedMain] o.s.s.web.DefaultSecurityFilterChain     : Creating filter chain: Ant [pattern='/edit/**', GET], []
2023-11-07 17:30:02.082  INFO 15880 --- [restartedMain] o.s.s.web.DefaultSecurityFilterChain     : Creating filter chain: any request, [org.springframework.security.web.context.request.async.WebAsyncManagerIntegrationFilter@568af009, org.springframework.security.web.context.SecurityContextPersistenceFilter@3e4c8428, org.springframework.security.web.header.HeaderWriterFilter@3597027d, org.springframework.security.web.authentication.logout.LogoutFilter@13af94d8, com.codermy.myspringsecurityplus.security.filter.VerifyCodeFilter@71ff4d21, org.springframework.security.web.authentication.UsernamePasswordAuthenticationFilter@49da6bc, org.springframework.security.web.authentication.www.BasicAuthenticationFilter@74b1582, org.springframework.security.web.savedrequest.RequestCacheAwareFilter@78727b91, org.springframework.security.web.servletapi.SecurityContextHolderAwareRequestFilter@10030af3, org.springframework.security.web.authentication.rememberme.RememberMeAuthenticationFilter@7691111, org.springframework.security.web.authentication.AnonymousAuthenticationFilter@5ea7e1e7, org.springframework.security.web.session.SessionManagementFilter@20ccdb65, org.springframework.security.web.access.ExceptionTranslationFilter@30b0158, org.springframework.security.web.access.intercept.FilterSecurityInterceptor@4ba6736e]
2023-11-07 17:30:02.173  INFO 15880 --- [restartedMain] o.s.s.concurrent.ThreadPoolTaskExecutor  : Initializing ExecutorService 'applicationTaskExecutor'
2023-11-07 17:30:02.214  INFO 15880 --- [restartedMain] o.s.b.d.a.OptionalLiveReloadServer       : LiveReload server is running on port 35729
2023-11-07 17:30:02.237  INFO 15880 --- [restartedMain] o.s.b.a.w.s.WelcomePageHandlerMapping    : Adding welcome page template: index
2023-11-07 17:30:02.809  INFO 15880 --- [restartedMain] o.s.b.w.embedded.tomcat.TomcatWebServer  : Tomcat started on port(s): 8088 (http) with context path ''
2023-11-07 17:30:02.810  INFO 15880 --- [restartedMain] d.s.w.p.DocumentationPluginsBootstrapper : Context refreshed
2023-11-07 17:30:02.822  INFO 15880 --- [restartedMain] d.s.w.p.DocumentationPluginsBootstrapper : Found 1 custom documentation plugin(s)
2023-11-07 17:30:02.857  INFO 15880 --- [restartedMain] s.d.s.w.s.ApiListingReferenceScanner     : Scanning for api listing references
2023-11-07 17:30:03.009  INFO 15880 --- [restartedMain] .d.s.w.r.o.CachingOperationNameGenerator : Generating unique operation named: TestUsingGET_1
2023-11-07 17:30:03.009  INFO 15880 --- [restartedMain] .d.s.w.r.o.CachingOperationNameGenerator : Generating unique operation named: addJobUsingGET_1
2023-11-07 17:30:03.019  INFO 15880 --- [restartedMain] .d.s.w.r.o.CachingOperationNameGenerator : Generating unique operation named: verifyUsingGET_1
2023-11-07 17:30:03.021  INFO 15880 --- [restartedMain] .d.s.w.r.o.CachingOperationNameGenerator : Generating unique operation named: addJobUsingGET_2
2023-11-07 17:30:03.035  INFO 15880 --- [restartedMain] .d.s.w.r.o.CachingOperationNameGenerator : Generating unique operation named: TestUsingGET_2
2023-11-07 17:30:03.036  INFO 15880 --- [restartedMain] .d.s.w.r.o.CachingOperationNameGenerator : Generating unique operation named: addJobUsingGET_3
2023-11-07 17:30:03.044  INFO 15880 --- [restartedMain] .d.s.w.r.o.CachingOperationNameGenerator : Generating unique operation named: verifyUsingGET_2
2023-11-07 17:30:03.046  INFO 15880 --- [restartedMain] .d.s.w.r.o.CachingOperationNameGenerator : Generating unique operation named: addJobUsingGET_4
2023-11-07 17:30:03.047  INFO 15880 --- [restartedMain] .d.s.w.r.o.CachingOperationNameGenerator : Generating unique operation named: changeWeightUsingPUT_1
2023-11-07 17:30:03.048  INFO 15880 --- [restartedMain] .d.s.w.r.o.CachingOperationNameGenerator : Generating unique operation named: contentUsingGET_1
2023-11-07 17:30:03.051  INFO 15880 --- [restartedMain] .d.s.w.r.o.CachingOperationNameGenerator : Generating unique operation named: verifyUsingGET_3
2023-11-07 17:30:03.060  INFO 15880 --- [restartedMain] .d.s.w.r.o.CachingOperationNameGenerator : Generating unique operation named: addJobUsingGET_5
2023-11-07 17:30:03.085  INFO 15880 --- [restartedMain] .d.s.w.r.o.CachingOperationNameGenerator : Generating unique operation named: deleteDictUsingDELETE_1
2023-11-07 17:30:03.094  INFO 15880 --- [restartedMain] .d.s.w.r.o.CachingOperationNameGenerator : Generating unique operation named: indexUsingGET_1
2023-11-07 17:30:03.097  INFO 15880 --- [restartedMain] .d.s.w.r.o.CachingOperationNameGenerator : Generating unique operation named: addJobUsingGET_6
2023-11-07 17:30:03.098  INFO 15880 --- [restartedMain] .d.s.w.r.o.CachingOperationNameGenerator : Generating unique operation named: changeStatusUsingPUT_1
2023-11-07 17:30:03.099  INFO 15880 --- [restartedMain] .d.s.w.r.o.CachingOperationNameGenerator : Generating unique operation named: deleteRoleUsingDELETE_1
2023-11-07 17:30:03.103  INFO 15880 --- [restartedMain] .d.s.w.r.o.CachingOperationNameGenerator : Generating unique operation named: indexUsingGET_2
2023-11-07 17:30:03.116  INFO 15880 --- [restartedMain] .d.s.w.r.o.CachingOperationNameGenerator : Generating unique operation named: editPermissionUsingGET_1
2023-11-07 17:30:03.117  INFO 15880 --- [restartedMain] .d.s.w.r.o.CachingOperationNameGenerator : Generating unique operation named: indexUsingGET_3
2023-11-07 17:30:03.121  INFO 15880 --- [restartedMain] .d.s.w.r.o.CachingOperationNameGenerator : Generating unique operation named: savePermissionUsingPOST_1
2023-11-07 17:30:03.122  INFO 15880 --- [restartedMain] .d.s.w.r.o.CachingOperationNameGenerator : Generating unique operation named: updateMenuUsingPUT_1
2023-11-07 17:30:03.135  INFO 15880 --- [restartedMain] .d.s.w.r.o.CachingOperationNameGenerator : Generating unique operation named: deleteRoleUsingDELETE_2
2023-11-07 17:30:03.136  INFO 15880 --- [restartedMain] .d.s.w.r.o.CachingOperationNameGenerator : Generating unique operation named: editRoleUsingGET_1
2023-11-07 17:30:03.144  INFO 15880 --- [restartedMain] .d.s.w.r.o.CachingOperationNameGenerator : Generating unique operation named: errorUsingGET_1
2023-11-07 17:30:03.145  INFO 15880 --- [restartedMain] .d.s.w.r.o.CachingOperationNameGenerator : Generating unique operation named: getArticleAllUsingGET_1
2023-11-07 17:30:03.146  INFO 15880 --- [restartedMain] .d.s.w.r.o.CachingOperationNameGenerator : Generating unique operation named: addUserUsingGET_1
2023-11-07 17:30:03.147  INFO 15880 --- [restartedMain] .d.s.w.r.o.CachingOperationNameGenerator : Generating unique operation named: changeStatusUsingPUT_2
2023-11-07 17:30:03.151  INFO 15880 --- [restartedMain] .d.s.w.r.o.CachingOperationNameGenerator : Generating unique operation named: saveUserUsingPOST_1
2023-11-07 17:30:03.166  INFO 15880 --- [restartedMain] c.c.m.MySpringsecurityPlusApplication    : Started MySpringsecurityPlusApplication in 4.461 seconds (JVM running for 5.686)
2023-11-07 17:30:07.505  INFO 15880 --- [http-nio-8088-exec-1] o.a.c.c.C.[Tomcat].[localhost].[/]       : Initializing Spring DispatcherServlet 'dispatcherServlet'
2023-11-07 17:30:07.506  INFO 15880 --- [http-nio-8088-exec-1] o.s.web.servlet.DispatcherServlet        : Initializing Servlet 'dispatcherServlet'
2023-11-07 17:30:07.514  INFO 15880 --- [http-nio-8088-exec-1] o.s.web.servlet.DispatcherServlet        : Completed initialization in 8 ms
